<?xml version="1.0" encoding="UTF-8"?>
<testsuite name="com.jojoldu.book.springboot.web.IndexControllerTest" tests="1" skipped="0" failures="0" errors="0" timestamp="2021-04-20T00:30:10" hostname="ojw" time="0.352">
  <properties/>
  <testcase name="메인페이지_로딩" classname="com.jojoldu.book.springboot.web.IndexControllerTest" time="0.352"/>
  <system-out><![CDATA[2021-04-20 09:30:06.831  INFO 35644 --- [    Test worker] .b.t.c.SpringBootTestContextBootstrapper : Neither @ContextConfiguration nor @ContextHierarchy found for test class [com.jojoldu.book.springboot.web.IndexControllerTest], using SpringBootContextLoader
2021-04-20 09:30:06.832  INFO 35644 --- [    Test worker] o.s.t.c.support.AbstractContextLoader    : Could not detect default resource locations for test class [com.jojoldu.book.springboot.web.IndexControllerTest]: no resource found for suffixes {-context.xml, Context.groovy}.
2021-04-20 09:30:06.832  INFO 35644 --- [    Test worker] t.c.s.AnnotationConfigContextLoaderUtils : Could not detect default configuration classes for test class [com.jojoldu.book.springboot.web.IndexControllerTest]: IndexControllerTest does not declare any static, non-private, non-final, nested classes annotated with @Configuration.
2021-04-20 09:30:06.851  INFO 35644 --- [    Test worker] .b.t.c.SpringBootTestContextBootstrapper : Found @SpringBootConfiguration com.jojoldu.book.springboot.Application for test class com.jojoldu.book.springboot.web.IndexControllerTest
2021-04-20 09:30:06.853  INFO 35644 --- [    Test worker] .b.t.c.SpringBootTestContextBootstrapper : Loaded default TestExecutionListener class names from location [META-INF/spring.factories]: [org.springframework.security.test.context.support.WithSecurityContextTestExecutionListener, org.springframework.security.test.context.support.ReactorContextTestExecutionListener, org.springframework.boot.test.autoconfigure.restdocs.RestDocsTestExecutionListener, org.springframework.boot.test.autoconfigure.web.client.MockRestServiceServerResetTestExecutionListener, org.springframework.boot.test.autoconfigure.web.servlet.MockMvcPrintOnlyOnFailureTestExecutionListener, org.springframework.boot.test.autoconfigure.web.servlet.WebDriverTestExecutionListener, org.springframework.boot.test.mock.mockito.MockitoTestExecutionListener, org.springframework.boot.test.mock.mockito.ResetMocksTestExecutionListener, org.springframework.test.context.web.ServletTestExecutionListener, org.springframework.test.context.support.DirtiesContextBeforeModesTestExecutionListener, org.springframework.test.context.support.DependencyInjectionTestExecutionListener, org.springframework.test.context.support.DirtiesContextTestExecutionListener, org.springframework.test.context.transaction.TransactionalTestExecutionListener, org.springframework.test.context.jdbc.SqlScriptsTestExecutionListener]
2021-04-20 09:30:06.855  INFO 35644 --- [    Test worker] .b.t.c.SpringBootTestContextBootstrapper : Using TestExecutionListeners: [org.springframework.test.context.web.ServletTestExecutionListener@15e9d84a, org.springframework.test.context.support.DirtiesContextBeforeModesTestExecutionListener@1e73f31c, org.springframework.boot.test.mock.mockito.MockitoTestExecutionListener@6c28c9d5, org.springframework.boot.test.autoconfigure.SpringBootDependencyInjectionTestExecutionListener@5c2ab31c, org.springframework.test.context.support.DirtiesContextTestExecutionListener@75a0b5b, org.springframework.test.context.transaction.TransactionalTestExecutionListener@630e3bf, org.springframework.test.context.jdbc.SqlScriptsTestExecutionListener@2cfce4cd, org.springframework.security.test.context.support.WithSecurityContextTestExecutionListener@25c7101d, org.springframework.security.test.context.support.ReactorContextTestExecutionListener@7290c72d, org.springframework.boot.test.autoconfigure.restdocs.RestDocsTestExecutionListener@733cffdb, org.springframework.boot.test.autoconfigure.web.client.MockRestServiceServerResetTestExecutionListener@38adb7fd, org.springframework.boot.test.autoconfigure.web.servlet.MockMvcPrintOnlyOnFailureTestExecutionListener@25f71f0d, org.springframework.boot.test.autoconfigure.web.servlet.WebDriverTestExecutionListener@51aa0d31, org.springframework.boot.test.mock.mockito.ResetMocksTestExecutionListener@457ce2f8]

  .   ____          _            __ _ _
 /\\ / ___'_ __ _ _(_)_ __  __ _ \ \ \ \
( ( )\___ | '_ | '_| | '_ \/ _` | \ \ \ \
 \\/  ___)| |_)| | | | | || (_| |  ) ) ) )
  '  |____| .__|_| |_|_| |_\__, | / / / /
 =========|_|==============|___/=/_/_/_/
 :: Spring Boot ::        (v2.1.9.RELEASE)

2021-04-20 09:30:06.954  INFO 35644 --- [    Test worker] c.j.b.s.web.IndexControllerTest          : Starting IndexControllerTest on ojw with PID 35644 (started by Administrator in C:\Users\Administrator\IdeaProjects\freelec-springboot2-webservice)
2021-04-20 09:30:06.955  INFO 35644 --- [    Test worker] c.j.b.s.web.IndexControllerTest          : The following profiles are active: oauth
2021-04-20 09:30:07.279  INFO 35644 --- [    Test worker] .s.d.r.c.RepositoryConfigurationDelegate : Bootstrapping Spring Data repositories in DEFAULT mode.
2021-04-20 09:30:07.309  INFO 35644 --- [    Test worker] .s.d.r.c.RepositoryConfigurationDelegate : Finished Spring Data repository scanning in 30ms. Found 2 repository interfaces.
2021-04-20 09:30:07.446  INFO 35644 --- [    Test worker] trationDelegate$BeanPostProcessorChecker : Bean 'org.springframework.transaction.annotation.ProxyTransactionManagementConfiguration' of type [org.springframework.transaction.annotation.ProxyTransactionManagementConfiguration$$EnhancerBySpringCGLIB$$6694e6b3] is not eligible for getting processed by all BeanPostProcessors (for example: not eligible for auto-proxying)
2021-04-20 09:30:07.823  INFO 35644 --- [    Test worker] o.s.b.w.embedded.tomcat.TomcatWebServer  : Tomcat initialized with port(s): 0 (http)
2021-04-20 09:30:07.865  INFO 35644 --- [    Test worker] o.apache.catalina.core.StandardService   : Starting service [Tomcat]
2021-04-20 09:30:07.865  INFO 35644 --- [    Test worker] org.apache.catalina.core.StandardEngine  : Starting Servlet engine: [Apache Tomcat/9.0.26]
2021-04-20 09:30:08.100  INFO 35644 --- [    Test worker] o.a.c.c.C.[Tomcat].[localhost].[/]       : Initializing Spring embedded WebApplicationContext
2021-04-20 09:30:08.100  INFO 35644 --- [    Test worker] o.s.web.context.ContextLoader            : Root WebApplicationContext: initialization completed in 1141 ms
2021-04-20 09:30:08.329  INFO 35644 --- [    Test worker] com.zaxxer.hikari.HikariDataSource       : HikariPool-2 - Starting...
2021-04-20 09:30:08.330  INFO 35644 --- [    Test worker] com.zaxxer.hikari.HikariDataSource       : HikariPool-2 - Start completed.
2021-04-20 09:30:08.378  INFO 35644 --- [    Test worker] o.hibernate.jpa.internal.util.LogHelper  : HHH000204: Processing PersistenceUnitInfo [
	name: default
	...]
2021-04-20 09:30:08.391  INFO 35644 --- [    Test worker] org.hibernate.dialect.Dialect            : HHH000400: Using dialect: org.hibernate.dialect.MySQL5InnoDBDialect
Hibernate: drop table if exists posts
Hibernate: drop table if exists user
Hibernate: create table posts (id bigint not null auto_increment, created_date datetime, modified_date datetime, author varchar(255), content TEXT not null, title varchar(500) not null, primary key (id)) engine=InnoDB
Hibernate: create table user (id bigint not null auto_increment, created_date datetime, modified_date datetime, email varchar(255) not null, name varchar(255) not null, picture varchar(255), role varchar(255) not null, primary key (id)) engine=InnoDB
2021-04-20 09:30:08.473  INFO 35644 --- [    Test worker] o.h.t.schema.internal.SchemaCreatorImpl  : HHH000476: Executing import script 'org.hibernate.tool.schema.internal.exec.ScriptSourceInputNonExistentImpl@519c2852'
2021-04-20 09:30:08.474  INFO 35644 --- [    Test worker] j.LocalContainerEntityManagerFactoryBean : Initialized JPA EntityManagerFactory for persistence unit 'default'
2021-04-20 09:30:08.955  INFO 35644 --- [    Test worker] o.h.h.i.QueryTranslatorFactoryInitiator  : HHH000397: Using ASTQueryTranslatorFactory
2021-04-20 09:30:09.198  INFO 35644 --- [    Test worker] o.s.s.web.DefaultSecurityFilterChain     : Creating filter chain: any request, [org.springframework.security.web.context.request.async.WebAsyncManagerIntegrationFilter@7a75cb79, org.springframework.security.web.context.SecurityContextPersistenceFilter@3fb440ae, org.springframework.security.web.header.HeaderWriterFilter@7f87fd5, org.springframework.security.web.authentication.logout.LogoutFilter@208aa72f, org.springframework.security.oauth2.client.web.OAuth2AuthorizationRequestRedirectFilter@1e7dbb5f, org.springframework.security.oauth2.client.web.OAuth2LoginAuthenticationFilter@773059bf, org.springframework.security.web.authentication.ui.DefaultLoginPageGeneratingFilter@3d262115, org.springframework.security.web.authentication.ui.DefaultLogoutPageGeneratingFilter@167dccb7, org.springframework.security.web.savedrequest.RequestCacheAwareFilter@6a6cf6ad, org.springframework.security.web.servletapi.SecurityContextHolderAwareRequestFilter@2e2e2ae2, org.springframework.security.web.authentication.AnonymousAuthenticationFilter@65293a64, org.springframework.security.web.session.SessionManagementFilter@2722d27, org.springframework.security.web.access.ExceptionTranslationFilter@2e2f6459, org.springframework.security.web.access.intercept.FilterSecurityInterceptor@50878c6c]
2021-04-20 09:30:09.528  INFO 35644 --- [    Test worker] o.s.s.concurrent.ThreadPoolTaskExecutor  : Initializing ExecutorService 'applicationTaskExecutor'
2021-04-20 09:30:09.544  WARN 35644 --- [    Test worker] aWebConfiguration$JpaWebMvcConfiguration : spring.jpa.open-in-view is enabled by default. Therefore, database queries may be performed during view rendering. Explicitly configure spring.jpa.open-in-view to disable this warning
2021-04-20 09:30:09.588  INFO 35644 --- [    Test worker] o.s.b.a.w.s.WelcomePageHandlerMapping    : Adding welcome page template: index
2021-04-20 09:30:09.995  INFO 35644 --- [    Test worker] s.a.ScheduledAnnotationBeanPostProcessor : No TaskScheduler/ScheduledExecutorService bean found for scheduled processing
2021-04-20 09:30:10.024  INFO 35644 --- [    Test worker] o.s.b.w.embedded.tomcat.TomcatWebServer  : Tomcat started on port(s): 54057 (http) with context path ''
2021-04-20 09:30:10.026  INFO 35644 --- [    Test worker] c.j.b.s.web.IndexControllerTest          : Started IndexControllerTest in 3.167 seconds (JVM running for 12.824)
2021-04-20 09:30:10.193  INFO 35644 --- [o-auto-1-exec-1] o.a.c.c.C.[Tomcat].[localhost].[/]       : Initializing Spring DispatcherServlet 'dispatcherServlet'
2021-04-20 09:30:10.193  INFO 35644 --- [o-auto-1-exec-1] o.s.web.servlet.DispatcherServlet        : Initializing Servlet 'dispatcherServlet'
2021-04-20 09:30:10.229  INFO 35644 --- [o-auto-1-exec-1] o.s.web.servlet.DispatcherServlet        : Completed initialization in 36 ms
Hibernate: select posts0_.id as id1_0_, posts0_.created_date as created_2_0_, posts0_.modified_date as modified3_0_, posts0_.author as author4_0_, posts0_.content as content5_0_, posts0_.title as title6_0_ from posts posts0_ order by posts0_.id DESC
]]></system-out>
  <system-err><![CDATA[]]></system-err>
</testsuite>
