<?xml version="1.0" encoding="UTF-8"?>
<testsuite name="com.jojoldu.book.springboot.web.HelloControllerTest" tests="2" skipped="0" failures="0" errors="0" timestamp="2021-04-16T07:33:54" hostname="ojw" time="0.27">
  <properties/>
  <testcase name="hello가_리턴된다" classname="com.jojoldu.book.springboot.web.HelloControllerTest" time="0.125"/>
  <testcase name="helloDto가_리턴된다" classname="com.jojoldu.book.springboot.web.HelloControllerTest" time="0.144"/>
  <system-out><![CDATA[2021-04-16 16:33:52.675  INFO 35924 --- [    Test worker] .b.t.a.w.s.WebMvcTestContextBootstrapper : Neither @ContextConfiguration nor @ContextHierarchy found for test class [com.jojoldu.book.springboot.web.HelloControllerTest], using SpringBootContextLoader
2021-04-16 16:33:52.677  INFO 35924 --- [    Test worker] o.s.t.c.support.AbstractContextLoader    : Could not detect default resource locations for test class [com.jojoldu.book.springboot.web.HelloControllerTest]: no resource found for suffixes {-context.xml, Context.groovy}.
2021-04-16 16:33:52.677  INFO 35924 --- [    Test worker] t.c.s.AnnotationConfigContextLoaderUtils : Could not detect default configuration classes for test class [com.jojoldu.book.springboot.web.HelloControllerTest]: HelloControllerTest does not declare any static, non-private, non-final, nested classes annotated with @Configuration.
2021-04-16 16:33:52.753  INFO 35924 --- [    Test worker] .b.t.c.SpringBootTestContextBootstrapper : Found @SpringBootConfiguration com.jojoldu.book.springboot.Application for test class com.jojoldu.book.springboot.web.HelloControllerTest
2021-04-16 16:33:52.755  INFO 35924 --- [    Test worker] .b.t.a.w.s.WebMvcTestContextBootstrapper : Loaded default TestExecutionListener class names from location [META-INF/spring.factories]: [org.springframework.security.test.context.support.WithSecurityContextTestExecutionListener, org.springframework.security.test.context.support.ReactorContextTestExecutionListener, org.springframework.boot.test.autoconfigure.restdocs.RestDocsTestExecutionListener, org.springframework.boot.test.autoconfigure.web.client.MockRestServiceServerResetTestExecutionListener, org.springframework.boot.test.autoconfigure.web.servlet.MockMvcPrintOnlyOnFailureTestExecutionListener, org.springframework.boot.test.autoconfigure.web.servlet.WebDriverTestExecutionListener, org.springframework.boot.test.mock.mockito.MockitoTestExecutionListener, org.springframework.boot.test.mock.mockito.ResetMocksTestExecutionListener, org.springframework.test.context.web.ServletTestExecutionListener, org.springframework.test.context.support.DirtiesContextBeforeModesTestExecutionListener, org.springframework.test.context.support.DependencyInjectionTestExecutionListener, org.springframework.test.context.support.DirtiesContextTestExecutionListener, org.springframework.test.context.transaction.TransactionalTestExecutionListener, org.springframework.test.context.jdbc.SqlScriptsTestExecutionListener]
2021-04-16 16:33:52.758  INFO 35924 --- [    Test worker] .b.t.a.w.s.WebMvcTestContextBootstrapper : Using TestExecutionListeners: [org.springframework.test.context.web.ServletTestExecutionListener@2a8d3d44, org.springframework.test.context.support.DirtiesContextBeforeModesTestExecutionListener@3fcd9080, org.springframework.boot.test.mock.mockito.MockitoTestExecutionListener@aa19ad5, org.springframework.boot.test.autoconfigure.SpringBootDependencyInjectionTestExecutionListener@44196edb, org.springframework.test.context.support.DirtiesContextTestExecutionListener@7bd1c01, org.springframework.test.context.transaction.TransactionalTestExecutionListener@5427d5e6, org.springframework.test.context.jdbc.SqlScriptsTestExecutionListener@52569a85, org.springframework.security.test.context.support.WithSecurityContextTestExecutionListener@5db649a2, org.springframework.security.test.context.support.ReactorContextTestExecutionListener@32841b01, org.springframework.boot.test.autoconfigure.restdocs.RestDocsTestExecutionListener@58666052, org.springframework.boot.test.autoconfigure.web.client.MockRestServiceServerResetTestExecutionListener@3e024b69, org.springframework.boot.test.autoconfigure.web.servlet.MockMvcPrintOnlyOnFailureTestExecutionListener@5196ee52, org.springframework.boot.test.autoconfigure.web.servlet.WebDriverTestExecutionListener@4358ab72, org.springframework.boot.test.mock.mockito.ResetMocksTestExecutionListener@28d727bb]

  .   ____          _            __ _ _
 /\\ / ___'_ __ _ _(_)_ __  __ _ \ \ \ \
( ( )\___ | '_ | '_| | '_ \/ _` | \ \ \ \
 \\/  ___)| |_)| | | | | || (_| |  ) ) ) )
  '  |____| .__|_| |_|_| |_\__, | / / / /
 =========|_|==============|___/=/_/_/_/
 :: Spring Boot ::        (v2.1.9.RELEASE)

2021-04-16 16:33:52.880  INFO 35924 --- [    Test worker] c.j.b.s.web.HelloControllerTest          : Starting HelloControllerTest on ojw with PID 35924 (started by Administrator in C:\Users\Administrator\IdeaProjects\freelec-springboot2-webservice)
2021-04-16 16:33:52.881  INFO 35924 --- [    Test worker] c.j.b.s.web.HelloControllerTest          : The following profiles are active: oauth
2021-04-16 16:33:53.704  INFO 35924 --- [    Test worker] o.s.s.concurrent.ThreadPoolTaskExecutor  : Initializing ExecutorService 'applicationTaskExecutor'
2021-04-16 16:33:53.768  INFO 35924 --- [    Test worker] o.s.b.a.w.s.WelcomePageHandlerMapping    : Adding welcome page template: index
2021-04-16 16:33:54.145  INFO 35924 --- [    Test worker] .s.s.UserDetailsServiceAutoConfiguration : 

Using generated security password: 71f4592b-67d3-45f2-a01c-c5460a15a3b6

2021-04-16 16:33:54.350  INFO 35924 --- [    Test worker] o.s.s.web.DefaultSecurityFilterChain     : Creating filter chain: any request, [org.springframework.security.web.context.request.async.WebAsyncManagerIntegrationFilter@61f1f30e, org.springframework.security.web.context.SecurityContextPersistenceFilter@46e0f278, org.springframework.security.web.header.HeaderWriterFilter@765f5f52, org.springframework.security.web.csrf.CsrfFilter@65c57f57, org.springframework.security.web.authentication.logout.LogoutFilter@33ef9c72, org.springframework.security.web.authentication.UsernamePasswordAuthenticationFilter@768c0a86, org.springframework.security.web.authentication.ui.DefaultLoginPageGeneratingFilter@351351a9, org.springframework.security.web.authentication.ui.DefaultLogoutPageGeneratingFilter@68f5927c, org.springframework.security.web.authentication.www.BasicAuthenticationFilter@5bc67ba1, org.springframework.security.web.savedrequest.RequestCacheAwareFilter@74112d59, org.springframework.security.web.servletapi.SecurityContextHolderAwareRequestFilter@78384946, org.springframework.security.web.authentication.AnonymousAuthenticationFilter@86e7b0, org.springframework.security.web.session.SessionManagementFilter@38aea909, org.springframework.security.web.access.ExceptionTranslationFilter@10245ce9, org.springframework.security.web.access.intercept.FilterSecurityInterceptor@1ad34f96]
2021-04-16 16:33:54.414  INFO 35924 --- [    Test worker] o.s.b.t.m.w.SpringBootMockServletContext : Initializing Spring TestDispatcherServlet ''
2021-04-16 16:33:54.414  INFO 35924 --- [    Test worker] o.s.t.web.servlet.TestDispatcherServlet  : Initializing Servlet ''
2021-04-16 16:33:54.437  INFO 35924 --- [    Test worker] o.s.t.web.servlet.TestDispatcherServlet  : Completed initialization in 23 ms
2021-04-16 16:33:54.489  INFO 35924 --- [    Test worker] c.j.b.s.web.HelloControllerTest          : Started HelloControllerTest in 1.711 seconds (JVM running for 12.786)
]]></system-out>
  <system-err><![CDATA[]]></system-err>
</testsuite>
