<?xml version="1.0" encoding="UTF-8"?>
<testsuite name="com.jojoldu.book.springboot.web.HelloControllerTest" tests="2" skipped="0" failures="0" errors="0" timestamp="2021-04-20T00:30:12" hostname="ojw" time="0.054">
  <properties/>
  <testcase name="hello가_리턴된다" classname="com.jojoldu.book.springboot.web.HelloControllerTest" time="0.018"/>
  <testcase name="helloDto가_리턴된다" classname="com.jojoldu.book.springboot.web.HelloControllerTest" time="0.035"/>
  <system-out><![CDATA[2021-04-20 09:30:10.738  INFO 35644 --- [    Test worker] .b.t.a.w.s.WebMvcTestContextBootstrapper : Neither @ContextConfiguration nor @ContextHierarchy found for test class [com.jojoldu.book.springboot.web.HelloControllerTest], using SpringBootContextLoader
2021-04-20 09:30:10.739  INFO 35644 --- [    Test worker] o.s.t.c.support.AbstractContextLoader    : Could not detect default resource locations for test class [com.jojoldu.book.springboot.web.HelloControllerTest]: no resource found for suffixes {-context.xml, Context.groovy}.
2021-04-20 09:30:10.740  INFO 35644 --- [    Test worker] t.c.s.AnnotationConfigContextLoaderUtils : Could not detect default configuration classes for test class [com.jojoldu.book.springboot.web.HelloControllerTest]: HelloControllerTest does not declare any static, non-private, non-final, nested classes annotated with @Configuration.
2021-04-20 09:30:10.762  INFO 35644 --- [    Test worker] .b.t.c.SpringBootTestContextBootstrapper : Found @SpringBootConfiguration com.jojoldu.book.springboot.Application for test class com.jojoldu.book.springboot.web.HelloControllerTest
2021-04-20 09:30:10.763  INFO 35644 --- [    Test worker] .b.t.a.w.s.WebMvcTestContextBootstrapper : Loaded default TestExecutionListener class names from location [META-INF/spring.factories]: [org.springframework.security.test.context.support.WithSecurityContextTestExecutionListener, org.springframework.security.test.context.support.ReactorContextTestExecutionListener, org.springframework.boot.test.autoconfigure.restdocs.RestDocsTestExecutionListener, org.springframework.boot.test.autoconfigure.web.client.MockRestServiceServerResetTestExecutionListener, org.springframework.boot.test.autoconfigure.web.servlet.MockMvcPrintOnlyOnFailureTestExecutionListener, org.springframework.boot.test.autoconfigure.web.servlet.WebDriverTestExecutionListener, org.springframework.boot.test.mock.mockito.MockitoTestExecutionListener, org.springframework.boot.test.mock.mockito.ResetMocksTestExecutionListener, org.springframework.test.context.web.ServletTestExecutionListener, org.springframework.test.context.support.DirtiesContextBeforeModesTestExecutionListener, org.springframework.test.context.support.DependencyInjectionTestExecutionListener, org.springframework.test.context.support.DirtiesContextTestExecutionListener, org.springframework.test.context.transaction.TransactionalTestExecutionListener, org.springframework.test.context.jdbc.SqlScriptsTestExecutionListener]
2021-04-20 09:30:10.765  INFO 35644 --- [    Test worker] .b.t.a.w.s.WebMvcTestContextBootstrapper : Using TestExecutionListeners: [org.springframework.test.context.web.ServletTestExecutionListener@38d9b8f8, org.springframework.test.context.support.DirtiesContextBeforeModesTestExecutionListener@4af820fa, org.springframework.boot.test.mock.mockito.MockitoTestExecutionListener@1b9a70a4, org.springframework.boot.test.autoconfigure.SpringBootDependencyInjectionTestExecutionListener@2fc333ab, org.springframework.test.context.support.DirtiesContextTestExecutionListener@5a2840d3, org.springframework.test.context.transaction.TransactionalTestExecutionListener@515c449c, org.springframework.test.context.jdbc.SqlScriptsTestExecutionListener@190b1143, org.springframework.security.test.context.support.WithSecurityContextTestExecutionListener@2fe337a2, org.springframework.security.test.context.support.ReactorContextTestExecutionListener@37d5c455, org.springframework.boot.test.autoconfigure.restdocs.RestDocsTestExecutionListener@49e1e97, org.springframework.boot.test.autoconfigure.web.client.MockRestServiceServerResetTestExecutionListener@45de964e, org.springframework.boot.test.autoconfigure.web.servlet.MockMvcPrintOnlyOnFailureTestExecutionListener@73b6f770, org.springframework.boot.test.autoconfigure.web.servlet.WebDriverTestExecutionListener@6ad8723f, org.springframework.boot.test.mock.mockito.ResetMocksTestExecutionListener@1e46b355]

  .   ____          _            __ _ _
 /\\ / ___'_ __ _ _(_)_ __  __ _ \ \ \ \
( ( )\___ | '_ | '_| | '_ \/ _` | \ \ \ \
 \\/  ___)| |_)| | | | | || (_| |  ) ) ) )
  '  |____| .__|_| |_|_| |_\__, | / / / /
 =========|_|==============|___/=/_/_/_/
 :: Spring Boot ::        (v2.1.9.RELEASE)

2021-04-20 09:30:10.834  INFO 35644 --- [    Test worker] c.j.b.s.web.HelloControllerTest          : Starting HelloControllerTest on ojw with PID 35644 (started by Administrator in C:\Users\Administrator\IdeaProjects\freelec-springboot2-webservice)
2021-04-20 09:30:10.834  INFO 35644 --- [    Test worker] c.j.b.s.web.HelloControllerTest          : The following profiles are active: oauth
2021-04-20 09:30:11.422  INFO 35644 --- [    Test worker] o.s.s.concurrent.ThreadPoolTaskExecutor  : Initializing ExecutorService 'applicationTaskExecutor'
2021-04-20 09:30:11.464  INFO 35644 --- [    Test worker] o.s.b.a.w.s.WelcomePageHandlerMapping    : Adding welcome page template: index
2021-04-20 09:30:11.752  INFO 35644 --- [    Test worker] .s.s.UserDetailsServiceAutoConfiguration : 

Using generated security password: 7c8074f4-56ea-45b9-8f54-48a9b5abff09

2021-04-20 09:30:11.961  INFO 35644 --- [    Test worker] o.s.s.web.DefaultSecurityFilterChain     : Creating filter chain: any request, [org.springframework.security.web.context.request.async.WebAsyncManagerIntegrationFilter@1daa8012, org.springframework.security.web.context.SecurityContextPersistenceFilter@cb7c12e, org.springframework.security.web.header.HeaderWriterFilter@22e4b6ee, org.springframework.security.web.csrf.CsrfFilter@59df4d92, org.springframework.security.web.authentication.logout.LogoutFilter@11ea7872, org.springframework.security.web.authentication.UsernamePasswordAuthenticationFilter@5ce0b683, org.springframework.security.web.authentication.ui.DefaultLoginPageGeneratingFilter@189fde, org.springframework.security.web.authentication.ui.DefaultLogoutPageGeneratingFilter@43d6875c, org.springframework.security.web.authentication.www.BasicAuthenticationFilter@213aa50d, org.springframework.security.web.savedrequest.RequestCacheAwareFilter@20f82dd5, org.springframework.security.web.servletapi.SecurityContextHolderAwareRequestFilter@272cace2, org.springframework.security.web.authentication.AnonymousAuthenticationFilter@37b050e6, org.springframework.security.web.session.SessionManagementFilter@174ccfd, org.springframework.security.web.access.ExceptionTranslationFilter@2c501663, org.springframework.security.web.access.intercept.FilterSecurityInterceptor@4e257baa]
2021-04-20 09:30:11.978  INFO 35644 --- [    Test worker] o.s.b.t.m.w.SpringBootMockServletContext : Initializing Spring TestDispatcherServlet ''
2021-04-20 09:30:11.978  INFO 35644 --- [    Test worker] o.s.t.web.servlet.TestDispatcherServlet  : Initializing Servlet ''
2021-04-20 09:30:11.981  INFO 35644 --- [    Test worker] o.s.t.web.servlet.TestDispatcherServlet  : Completed initialization in 3 ms
2021-04-20 09:30:12.018  INFO 35644 --- [    Test worker] c.j.b.s.web.HelloControllerTest          : Started HelloControllerTest in 1.251 seconds (JVM running for 14.817)
]]></system-out>
  <system-err><![CDATA[]]></system-err>
</testsuite>
